
[0m[2m[35m$[0m [2m[1mwasm-pack build --release --out-dir ./dist/nodejs --target nodejs && wasm-pack build --release --out-dir ./dist/browser --target browser[0m
[1m[2m[INFO][0m: 🎯  Checking for the Wasm target...
[1m[2m[INFO][0m: 🌀  Compiling to Wasm...
[0m[1m[33mwarning[0m[0m[1m: method `get_next_adaptive_fee_info` is never used[0m
[0m   [0m[0m[1m[38;5;12m--> [0m[0m/Users/macbookpro/code/rhiva/external/whirlpools/rust-sdk/core/src/math/adaptive_fee.rs:348:12[0m
[0m    [0m[0m[1m[38;5;12m|[0m
[0m [0m[0m[1m[38;5;12m40[0m[0m [0m[0m[1m[38;5;12m|[0m[0m [0m[0mimpl FeeRateManager {[0m
[0m    [0m[0m[1m[38;5;12m|[0m[0m [0m[0m[1m[38;5;12m-------------------[0m[0m [0m[0m[1m[38;5;12mmethod in this implementation[0m
[0m[1m[38;5;12m...[0m
[0m[1m[38;5;12m348[0m[0m [0m[0m[1m[38;5;12m|[0m[0m [0m[0m    pub fn get_next_adaptive_fee_info(&self) -> Option<AdaptiveFeeInfo> {[0m
[0m    [0m[0m[1m[38;5;12m|[0m[0m            [0m[0m[1m[33m^^^^^^^^^^^^^^^^^^^^^^^^^^[0m
[0m    [0m[0m[1m[38;5;12m|[0m
[0m    [0m[0m[1m[38;5;12m= [0m[0m[1mnote[0m[0m: `#[warn(dead_code)]` (part of `#[warn(unused)]`) on by default[0m

[1m[33mwarning[0m: `orca_whirlpools_core` (lib) generated 1 warning
[1m[92m    Finished[0m `release` profile [optimized] target(s) in 0.07s
[1m[2m[INFO][0m: ⬇️  Installing wasm-bindgen...
[1m[2m[INFO][0m: Optional fields missing from Cargo.toml: 'description', 'repository', and 'license'. These are not necessary, but recommended
[1m[2m[INFO][0m: ✨   Done in 0.91s
[1m[2m[INFO][0m: 📦   Your wasm pkg is ready to publish at /Users/macbookpro/code/rhiva/external/whirlpools/ts-sdk/core/dist/nodejs.
[1m[2m[INFO][0m: 🎯  Checking for the Wasm target...
[1m[2m[INFO][0m: 🌀  Compiling to Wasm...
[0m[1m[33mwarning[0m[0m[1m: method `get_next_adaptive_fee_info` is never used[0m
[0m   [0m[0m[1m[38;5;12m--> [0m[0m/Users/macbookpro/code/rhiva/external/whirlpools/rust-sdk/core/src/math/adaptive_fee.rs:348:12[0m
[0m    [0m[0m[1m[38;5;12m|[0m
[0m [0m[0m[1m[38;5;12m40[0m[0m [0m[0m[1m[38;5;12m|[0m[0m [0m[0mimpl FeeRateManager {[0m
[0m    [0m[0m[1m[38;5;12m|[0m[0m [0m[0m[1m[38;5;12m-------------------[0m[0m [0m[0m[1m[38;5;12mmethod in this implementation[0m
[0m[1m[38;5;12m...[0m
[0m[1m[38;5;12m348[0m[0m [0m[0m[1m[38;5;12m|[0m[0m [0m[0m    pub fn get_next_adaptive_fee_info(&self) -> Option<AdaptiveFeeInfo> {[0m
[0m    [0m[0m[1m[38;5;12m|[0m[0m            [0m[0m[1m[33m^^^^^^^^^^^^^^^^^^^^^^^^^^[0m
[0m    [0m[0m[1m[38;5;12m|[0m
[0m    [0m[0m[1m[38;5;12m= [0m[0m[1mnote[0m[0m: `#[warn(dead_code)]` (part of `#[warn(unused)]`) on by default[0m

[1m[33mwarning[0m: `orca_whirlpools_core` (lib) generated 1 warning
[1m[92m    Finished[0m `release` profile [optimized] target(s) in 0.08s
[1m[2m[INFO][0m: ⬇️  Installing wasm-bindgen...
[1m[2m[INFO][0m: Optional fields missing from Cargo.toml: 'description', 'repository', and 'license'. These are not necessary, but recommended
[1m[2m[INFO][0m: ✨   Done in 0.88s
[1m[2m[INFO][0m: 📦   Your wasm pkg is ready to publish at /Users/macbookpro/code/rhiva/external/whirlpools/ts-sdk/core/dist/browser.
