
[0m[2m[35m$[0m [2m[1mcargo build[0m
[0m[1m[33mwarning[0m[0m[1m: method `get_next_adaptive_fee_info` is never used[0m
[0m   [0m[0m[1m[38;5;12m--> [0m[0m/Users/macbookpro/code/rhiva/external/whirlpools/rust-sdk/core/src/math/adaptive_fee.rs:348:12[0m
[0m    [0m[0m[1m[38;5;12m|[0m
[0m [0m[0m[1m[38;5;12m40[0m[0m [0m[0m[1m[38;5;12m|[0m[0m [0m[0mimpl FeeRateManager {[0m
[0m    [0m[0m[1m[38;5;12m|[0m[0m [0m[0m[1m[38;5;12m-------------------[0m[0m [0m[0m[1m[38;5;12mmethod in this implementation[0m
[0m[1m[38;5;12m...[0m
[0m[1m[38;5;12m348[0m[0m [0m[0m[1m[38;5;12m|[0m[0m [0m[0m    pub fn get_next_adaptive_fee_info(&self) -> Option<AdaptiveFeeInfo> {[0m
[0m    [0m[0m[1m[38;5;12m|[0m[0m            [0m[0m[1m[33m^^^^^^^^^^^^^^^^^^^^^^^^^^[0m
[0m    [0m[0m[1m[38;5;12m|[0m
[0m    [0m[0m[1m[38;5;12m= [0m[0m[1mnote[0m[0m: `#[warn(dead_code)]` (part of `#[warn(unused)]`) on by default[0m

[1m[33mwarning[0m: `orca_whirlpools_core` (lib) generated 1 warning
[1m[92m   Compiling[0m orca_whirlpools_client v5.0.1 (/Users/macbookpro/code/rhiva/external/whirlpools/rust-sdk/client)
[1m[96m    Building[0m [=======================> ] 580/582: orca_whirlpools_client                                     [K[0m[1m[33mwarning[0m[0m[1m: unused import: `programs::*`[0m
[0m  [0m[0m[1m[38;5;12m--> [0m[0m/Users/macbookpro/code/rhiva/external/whirlpools/rust-sdk/client/src/generated/mod.rs:15:18[0m
[0m   [0m[0m[1m[38;5;12m|[0m
[0m[1m[38;5;12m15[0m[0m [0m[0m[1m[38;5;12m|[0m[0m [0m[0m  pub(crate) use programs::*;[0m
[0m   [0m[0m[1m[38;5;12m|[0m[0m                  [0m[0m[1m[33m^^^^^^^^^^^[0m
[0m   [0m[0m[1m[38;5;12m|[0m
[0m   [0m[0m[1m[38;5;12m= [0m[0m[1mnote[0m[0m: `#[warn(unused_imports)]` (part of `#[warn(unused)]`) on by default[0m

[1m[96m    Building[0m [=======================> ] 580/582: orca_whirlpools_client                                     [K[0m[1m[33mwarning[0m[0m[1m: glob import doesn't reexport anything with visibility `pub` because no imported item is public enough[0m
[0m  [0m[0m[1m[38;5;12m--> [0m[0m/Users/macbookpro/code/rhiva/external/whirlpools/rust-sdk/client/src/gpa/mod.rs:30:9[0m
[0m   [0m[0m[1m[38;5;12m|[0m
[0m[1m[38;5;12m30[0m[0m [0m[0m[1m[38;5;12m|[0m[0m [0m[0mpub use utils::*;[0m
[0m   [0m[0m[1m[38;5;12m|[0m[0m         [0m[0m[1m[33m^^^^^^^^[0m
[0m   [0m[0m[1m[38;5;12m|[0m
[0m[1m[38;5;10mnote[0m[0m: the most public imported item is `pub(crate)`[0m
[0m  [0m[0m[1m[38;5;12m--> [0m[0m/Users/macbookpro/code/rhiva/external/whirlpools/rust-sdk/client/src/gpa/mod.rs:30:9[0m
[0m   [0m[0m[1m[38;5;12m|[0m
[0m[1m[38;5;12m30[0m[0m [0m[0m[1m[38;5;12m|[0m[0m [0m[0mpub use utils::*;[0m
[0m   [0m[0m[1m[38;5;12m|[0m[0m         [0m[0m[1m[38;5;10m^^^^^^^^[0m
[0m   [0m[0m[1m[38;5;12m= [0m[0m[1mhelp[0m[0m: reduce the glob import's visibility or increase visibility of imported items[0m

[1m[96m    Building[0m [=======================> ] 580/582: orca_whirlpools_client                                     [K[1m[92m   Compiling[0m orca_whirlpools v5.0.1 (/Users/macbookpro/code/rhiva/external/whirlpools/rust-sdk/whirlpool)
[1m[96m    Building[0m [=======================> ] 580/582: orca_whirlpools, orca_whirlpools_client                    [K[0m[1m[33mwarning[0m[0m[1m: fields `ui_amount_string`, `ui_amount`, and `decimals` are never read[0m
[0m  [0m[0m[1m[38;5;12m--> [0m[0msrc/account.rs:34:5[0m
[0m   [0m[0m[1m[38;5;12m|[0m
[0m[1m[38;5;12m32[0m[0m [0m[0m[1m[38;5;12m|[0m[0m [0m[0mstruct Amount {[0m
[0m   [0m[0m[1m[38;5;12m|[0m[0m        [0m[0m[1m[38;5;12m------[0m[0m [0m[0m[1m[38;5;12mfields in this struct[0m
[0m[1m[38;5;12m33[0m[0m [0m[0m[1m[38;5;12m|[0m[0m [0m[0m    amount: String,[0m
[0m[1m[38;5;12m34[0m[0m [0m[0m[1m[38;5;12m|[0m[0m [0m[0m    ui_amount_string: String,[0m
[0m   [0m[0m[1m[38;5;12m|[0m[0m     [0m[0m[1m[33m^^^^^^^^^^^^^^^^[0m
[0m[1m[38;5;12m35[0m[0m [0m[0m[1m[38;5;12m|[0m[0m [0m[0m    ui_amount: f64,[0m
[0m   [0m[0m[1m[38;5;12m|[0m[0m     [0m[0m[1m[33m^^^^^^^^^[0m
[0m[1m[38;5;12m36[0m[0m [0m[0m[1m[38;5;12m|[0m[0m [0m[0m    decimals: u8,[0m
[0m   [0m[0m[1m[38;5;12m|[0m[0m     [0m[0m[1m[33m^^^^^^^^[0m
[0m   [0m[0m[1m[38;5;12m|[0m
[0m   [0m[0m[1m[38;5;12m= [0m[0m[1mnote[0m[0m: `Amount` has derived impls for the traits `Debug` and `Clone`, but these are intentionally ignored during dead code analysis[0m
[0m   [0m[0m[1m[38;5;12m= [0m[0m[1mnote[0m[0m: `#[warn(dead_code)]` (part of `#[warn(unused)]`) on by default[0m

[1m[96m    Building[0m [=======================> ] 580/582: orca_whirlpools, orca_whirlpools_client                    [K[1m[33mwarning[0m: `orca_whirlpools_client` (lib) generated 2 warnings (run `cargo fix --lib -p orca_whirlpools_client` to apply 1 suggestion)
[1m[96m    Building[0m [=======================> ] 581/582: orca_whirlpools                                            [K[1m[33mwarning[0m: `orca_whirlpools` (lib) generated 1 warning
[1m[92m    Finished[0m `dev` profile [unoptimized + debuginfo] target(s) in 7.48s
